<?xml version="1.0" encoding="UTF-8"?>
<testng-results ignored="0" total="1" passed="1" failed="0" skipped="0">
  <reporter-output>
  </reporter-output>
  <suite started-at="2023-10-20T19:05:41 IST" name="Default suite" finished-at="2023-10-20T19:06:02 IST" duration-ms="20920">
    <groups>
    </groups>
    <test started-at="2023-10-20T19:05:41 IST" name="Default test" finished-at="2023-10-20T19:06:02 IST" duration-ms="20920">
      <class name="com.testclasses.LoginTest">
        <test-method is-config="true" signature="setUp()[pri:0, instance:com.testclasses.LoginTest@194bcebf]" started-at="2023-10-20T19:05:41 IST" name="setUp" finished-at="2023-10-20T19:05:51 IST" duration-ms="9310" status="PASS">
          <reporter-output>
          </reporter-output>
        </test-method> <!-- setUp -->
        <test-method signature="loginTest()[pri:0, instance:com.testclasses.LoginTest@194bcebf]" started-at="2023-10-20T19:05:51 IST" name="loginTest" finished-at="2023-10-20T19:05:52 IST" duration-ms="1203" status="PASS">
          <reporter-output>
          </reporter-output>
        </test-method> <!-- loginTest -->
        <test-method is-config="true" signature="tearDown()[pri:0, instance:com.testclasses.LoginTest@194bcebf]" started-at="2023-10-20T19:05:52 IST" name="tearDown" finished-at="2023-10-20T19:06:02 IST" duration-ms="10296" status="PASS">
          <reporter-output>
          </reporter-output>
        </test-method> <!-- tearDown -->
      </class> <!-- com.testclasses.LoginTest -->
    </test> <!-- Default test -->
  </suite> <!-- Default suite -->
</testng-results>
